<?xml version="1.0" encoding="UTF-8"?>
<!-- Generated by org.testng.reporters.JUnitReportReporter -->
<testsuite hostname="Sensei" failures="0" tests="2" name="Tests.Tests" time="54.164" errors="0" timestamp="2022-07-27T18:41:34 IST" skipped="0">
  <testcase classname="Tests.Tests" name="LoginTrello" time="23.408"/>
  <system-out/>
  <testcase classname="Tests.Tests" name="DashboardTest" time="30.756"/>
  <system-out/>
</testsuite> <!-- Tests.Tests -->
