<?xml version="1.0" encoding="UTF-8"?>
<!-- Generated by org.testng.reporters.JUnitReportReporter -->
<testsuite hostname="Sensei" failures="0" tests="1" name="Tests.Tests" time="33.844" errors="0" timestamp="2022-07-27T19:25:25 IST" skipped="0">
  <testcase classname="Tests.Tests" name="DashboardTest" time="33.844"/>
  <system-out/>
</testsuite> <!-- Tests.Tests -->
